This is pdfTeX, Version 3.14159265-2.6-1.40.21 (TeX Live 2020/Arch Linux) (preloaded format=pdflatex 2021.3.21)  16 MAY 2021 11:23
entering extended mode
 restricted \write18 enabled.
 %&-line parsing enabled.
**Pricing-Guide.tex
(./Pricing-Guide.tex
LaTeX2e <2020-10-01> patch level 2
L3 programming layer <2020-12-03> xparse <2020-03-03>
(/usr/share/texmf-dist/tex/latex/base/article.cls
Document Class: article 2020/04/10 v1.4m Standard LaTeX document class
(/usr/share/texmf-dist/tex/latex/base/size11.clo
File: size11.clo 2020/04/10 v1.4m Standard LaTeX file (size option)
)
\c@part=\count177
\c@section=\count178
\c@subsection=\count179
\c@subsubsection=\count180
\c@paragraph=\count181
\c@subparagraph=\count182
\c@figure=\count183
\c@table=\count184
\abovecaptionskip=\skip47
\belowcaptionskip=\skip48
\bibindent=\dimen138
)
(/usr/share/texmf-dist/tex/latex/geometry/geometry.sty
Package: geometry 2020/01/02 v5.9 Page Geometry

(/usr/share/texmf-dist/tex/latex/graphics/keyval.sty
Package: keyval 2014/10/28 v1.15 key=value parser (DPC)
\KV@toks@=\toks15
)
(/usr/share/texmf-dist/tex/generic/iftex/ifvtex.sty
Package: ifvtex 2019/10/25 v1.7 ifvtex legacy package. Use iftex instead.

(/usr/share/texmf-dist/tex/generic/iftex/iftex.sty
Package: iftex 2020/03/06 v1.0d TeX engine tests
))
\Gm@cnth=\count185
\Gm@cntv=\count186
\c@Gm@tempcnt=\count187
\Gm@bindingoffset=\dimen139
\Gm@wd@mp=\dimen140
\Gm@odd@mp=\dimen141
\Gm@even@mp=\dimen142
\Gm@layoutwidth=\dimen143
\Gm@layoutheight=\dimen144
\Gm@layouthoffset=\dimen145
\Gm@layoutvoffset=\dimen146
\Gm@dimlist=\toks16
)

Package geometry Warning: Over-specification in `h'-direction.
    `width' (597.50787pt) is ignored.


Package geometry Warning: Over-specification in `v'-direction.
    `height' (845.04684pt) is ignored.

(/usr/share/texmf-dist/tex/latex/titlesec/titlesec.sty
Package: titlesec 2019/10/16 v2.13 Sectioning titles
\ttl@box=\box47
\beforetitleunit=\skip49
\aftertitleunit=\skip50
\ttl@plus=\dimen147
\ttl@minus=\dimen148
\ttl@toksa=\toks17
\titlewidth=\dimen149
\titlewidthlast=\dimen150
\titlewidthfirst=\dimen151
)
(/usr/share/texmf-dist/tex/latex/tocloft/tocloft.sty
Package: tocloft 2017/08/31 v2.3i parameterised ToC, etc., typesetting
Package tocloft Info: The document has section divisions on input line 51.
\cftparskip=\skip51
\cftbeforetoctitleskip=\skip52
\cftaftertoctitleskip=\skip53
\cftbeforepartskip=\skip54
\cftpartnumwidth=\skip55
\cftpartindent=\skip56
\cftbeforesecskip=\skip57
\cftsecindent=\skip58
\cftsecnumwidth=\skip59
\cftbeforesubsecskip=\skip60
\cftsubsecindent=\skip61
\cftsubsecnumwidth=\skip62
\cftbeforesubsubsecskip=\skip63
\cftsubsubsecindent=\skip64
\cftsubsubsecnumwidth=\skip65
\cftbeforeparaskip=\skip66
\cftparaindent=\skip67
\cftparanumwidth=\skip68
\cftbeforesubparaskip=\skip69
\cftsubparaindent=\skip70
\cftsubparanumwidth=\skip71
\cftbeforeloftitleskip=\skip72
\cftafterloftitleskip=\skip73
\cftbeforefigskip=\skip74
\cftfigindent=\skip75
\cftfignumwidth=\skip76
\c@lofdepth=\count188
\c@lotdepth=\count189
\cftbeforelottitleskip=\skip77
\cftafterlottitleskip=\skip78
\cftbeforetabskip=\skip79
\cfttabindent=\skip80
\cfttabnumwidth=\skip81
)
(/usr/share/texmf-dist/tex/latex/tools/longtable.sty
Package: longtable 2020/01/07 v4.13 Multi-page Table package (DPC)
\LTleft=\skip82
\LTright=\skip83
\LTpre=\skip84
\LTpost=\skip85
\LTchunksize=\count190
\LTcapwidth=\dimen152
\LT@head=\box48
\LT@firsthead=\box49
\LT@foot=\box50
\LT@lastfoot=\box51
\LT@cols=\count191
\LT@rows=\count192
\c@LT@tables=\count193
\c@LT@chunks=\count194
\LT@p@ftn=\toks18
)
(/usr/share/texmf-dist/tex/latex/float/float.sty
Package: float 2001/11/08 v1.3d Float enhancements (AL)
\c@float@type=\count195
\float@exts=\toks19
\float@box=\box52
\@float@everytoks=\toks20
\@floatcapt=\box53
)
(/usr/share/texmf-dist/tex/latex/tools/multicol.sty
Package: multicol 2019/12/09 v1.8y multicolumn formatting (FMi)
\c@tracingmulticols=\count196
\mult@box=\box54
\multicol@leftmargin=\dimen153
\c@unbalance=\count197
\c@collectmore=\count198
\doublecol@number=\count199
\multicoltolerance=\count266
\multicolpretolerance=\count267
\full@width=\dimen154
\page@free=\dimen155
\premulticols=\dimen156
\postmulticols=\dimen157
\multicolsep=\skip86
\multicolbaselineskip=\skip87
\partial@page=\box55
\last@line=\box56
\maxbalancingoverflow=\dimen158
\mult@rightbox=\box57
\mult@grightbox=\box58
\mult@gfirstbox=\box59
\mult@firstbox=\box60
\@tempa=\box61
\@tempa=\box62
\@tempa=\box63
\@tempa=\box64
\@tempa=\box65
\@tempa=\box66
\@tempa=\box67
\@tempa=\box68
\@tempa=\box69
\@tempa=\box70
\@tempa=\box71
\@tempa=\box72
\@tempa=\box73
\@tempa=\box74
\@tempa=\box75
\@tempa=\box76
\@tempa=\box77
\@tempa=\box78
\@tempa=\box79
\@tempa=\box80
\@tempa=\box81
\@tempa=\box82
\@tempa=\box83
\@tempa=\box84
\@tempa=\box85
\@tempa=\box86
\@tempa=\box87
\@tempa=\box88
\@tempa=\box89
\@tempa=\box90
\@tempa=\box91
\@tempa=\box92
\@tempa=\box93
\@tempa=\box94
\@tempa=\box95
\@tempa=\box96
\@tempa=\box97
\c@minrows=\count268
\c@columnbadness=\count269
\c@finalcolumnbadness=\count270
\last@try=\dimen159
\multicolovershoot=\dimen160
\multicolundershoot=\dimen161
\mult@nat@firstbox=\box98
\colbreak@box=\box99
\mc@col@check@num=\count271
)
(/usr/share/texmf-dist/tex/latex/multirow/multirow.sty
Package: multirow 2019/05/31 v2.5 Span multiple rows of a table
\multirow@colwidth=\skip88
\multirow@cntb=\count272
\multirow@dima=\skip89
\bigstrutjot=\dimen162
)
(/usr/share/texmf-dist/tex/latex/graphics/graphicx.sty
Package: graphicx 2020/09/09 v1.2b Enhanced LaTeX Graphics (DPC,SPQR)

(/usr/share/texmf-dist/tex/latex/graphics/graphics.sty
Package: graphics 2020/08/30 v1.4c Standard LaTeX Graphics (DPC,SPQR)

(/usr/share/texmf-dist/tex/latex/graphics/trig.sty
Package: trig 2016/01/03 v1.10 sin cos tan (DPC)
)
(/usr/share/texmf-dist/tex/latex/graphics-cfg/graphics.cfg
File: graphics.cfg 2016/06/04 v1.11 sample graphics configuration
)
Package graphics Info: Driver file: pdftex.def on input line 105.

(/usr/share/texmf-dist/tex/latex/graphics-def/pdftex.def
File: pdftex.def 2020/10/05 v1.2a Graphics/color driver for pdftex
))
\Gin@req@height=\dimen163
\Gin@req@width=\dimen164
)
(/usr/share/texmf-dist/tex/latex/caption/caption.sty
Package: caption 2020/10/26 v3.5g Customizing captions (AR)

(/usr/share/texmf-dist/tex/latex/caption/caption3.sty
Package: caption3 2020/10/21 v2.2e caption3 kernel (AR)
\captionmargin=\dimen165
\captionmargin@=\dimen166
\captionwidth=\dimen167
\caption@tempdima=\dimen168
\caption@indent=\dimen169
\caption@parindent=\dimen170
\caption@hangindent=\dimen171
Package caption Info: Standard document class detected.
)
\c@caption@flags=\count273
\c@continuedfloat=\count274
Package caption Info: float package is loaded.
Package caption Info: longtable package is loaded.

(/usr/share/texmf-dist/tex/latex/caption/ltcaption.sty
Package: ltcaption 2020/05/30 v1.4b longtable captions (AR)
))
(/usr/share/texmf-dist/tex/latex/hyperref/hyperref.sty
Package: hyperref 2020-05-15 v7.00e Hypertext links for LaTeX

(/usr/share/texmf-dist/tex/generic/ltxcmds/ltxcmds.sty
Package: ltxcmds 2020-05-10 v1.25 LaTeX kernel commands for general use (HO)
)
(/usr/share/texmf-dist/tex/generic/pdftexcmds/pdftexcmds.sty
Package: pdftexcmds 2020-06-27 v0.33 Utility functions of pdfTeX for LuaTeX (HO
)

(/usr/share/texmf-dist/tex/generic/infwarerr/infwarerr.sty
Package: infwarerr 2019/12/03 v1.5 Providing info/warning/error messages (HO)
)
Package pdftexcmds Info: \pdf@primitive is available.
Package pdftexcmds Info: \pdf@ifprimitive is available.
Package pdftexcmds Info: \pdfdraftmode found.
)
(/usr/share/texmf-dist/tex/generic/kvsetkeys/kvsetkeys.sty
Package: kvsetkeys 2019/12/15 v1.18 Key value parser (HO)
)
(/usr/share/texmf-dist/tex/generic/kvdefinekeys/kvdefinekeys.sty
Package: kvdefinekeys 2019-12-19 v1.6 Define keys (HO)
)
(/usr/share/texmf-dist/tex/generic/pdfescape/pdfescape.sty
Package: pdfescape 2019/12/09 v1.15 Implements pdfTeX's escape features (HO)
)
(/usr/share/texmf-dist/tex/latex/hycolor/hycolor.sty
Package: hycolor 2020-01-27 v1.10 Color options for hyperref/bookmark (HO)
)
(/usr/share/texmf-dist/tex/latex/letltxmacro/letltxmacro.sty
Package: letltxmacro 2019/12/03 v1.6 Let assignment for LaTeX macros (HO)
)
(/usr/share/texmf-dist/tex/latex/auxhook/auxhook.sty
Package: auxhook 2019-12-17 v1.6 Hooks for auxiliary files (HO)
)
(/usr/share/texmf-dist/tex/latex/kvoptions/kvoptions.sty
Package: kvoptions 2020-10-07 v3.14 Key value format for package options (HO)
)
\@linkdim=\dimen172
\Hy@linkcounter=\count275
\Hy@pagecounter=\count276

(/usr/share/texmf-dist/tex/latex/hyperref/pd1enc.def
File: pd1enc.def 2020-05-15 v7.00e Hyperref: PDFDocEncoding definition (HO)
Now handling font encoding PD1 ...
... no UTF-8 mapping file for font encoding PD1
)
(/usr/share/texmf-dist/tex/generic/intcalc/intcalc.sty
Package: intcalc 2019/12/15 v1.3 Expandable calculations with integers (HO)
)
(/usr/share/texmf-dist/tex/generic/etexcmds/etexcmds.sty
Package: etexcmds 2019/12/15 v1.7 Avoid name clashes with e-TeX commands (HO)
)
\Hy@SavedSpaceFactor=\count277
Package hyperref Info: Hyper figures OFF on input line 4464.
Package hyperref Info: Link nesting OFF on input line 4469.
Package hyperref Info: Hyper index ON on input line 4472.
Package hyperref Info: Plain pages OFF on input line 4479.
Package hyperref Info: Backreferencing OFF on input line 4484.
Package hyperref Info: Implicit mode ON; LaTeX internals redefined.
Package hyperref Info: Bookmarks ON on input line 4717.
\c@Hy@tempcnt=\count278

(/usr/share/texmf-dist/tex/latex/url/url.sty
\Urlmuskip=\muskip16
Package: url 2013/09/16  ver 3.4  Verb mode for urls, etc.
)
LaTeX Info: Redefining \url on input line 5076.
\XeTeXLinkMargin=\dimen173

(/usr/share/texmf-dist/tex/generic/bitset/bitset.sty
Package: bitset 2019/12/09 v1.3 Handle bit-vector datatype (HO)

(/usr/share/texmf-dist/tex/generic/bigintcalc/bigintcalc.sty
Package: bigintcalc 2019/12/15 v1.5 Expandable calculations on big integers (HO
)
))
\Fld@menulength=\count279
\Field@Width=\dimen174
\Fld@charsize=\dimen175
Package hyperref Info: Hyper figures OFF on input line 6347.
Package hyperref Info: Link nesting OFF on input line 6352.
Package hyperref Info: Hyper index ON on input line 6355.
Package hyperref Info: backreferencing OFF on input line 6362.
Package hyperref Info: Link coloring OFF on input line 6367.
Package hyperref Info: Link coloring with OCG OFF on input line 6372.
Package hyperref Info: PDF/A mode OFF on input line 6377.
LaTeX Info: Redefining \ref on input line 6417.
LaTeX Info: Redefining \pageref on input line 6421.

(/usr/share/texmf-dist/tex/latex/base/atbegshi-ltx.sty
Package: atbegshi-ltx 2020/08/17 v1.0a Emulation of the original atbegshi packa
ge
with kernel methods
)
\Hy@abspage=\count280
\c@Item=\count281
\c@Hfootnote=\count282
)
Package hyperref Info: Driver (autodetected): hpdftex.

(/usr/share/texmf-dist/tex/latex/hyperref/hpdftex.def
File: hpdftex.def 2020-05-15 v7.00e Hyperref driver for pdfTeX

(/usr/share/texmf-dist/tex/latex/base/atveryend-ltx.sty
Package: atveryend-ltx 2020/08/19 v1.0a Emulation of the original atvery packag
e
with kernel methods
)
\Fld@listcount=\count283
\c@bookmark@seq@number=\count284

(/usr/share/texmf-dist/tex/latex/rerunfilecheck/rerunfilecheck.sty
Package: rerunfilecheck 2019/12/05 v1.9 Rerun checks for auxiliary files (HO)

(/usr/share/texmf-dist/tex/generic/uniquecounter/uniquecounter.sty
Package: uniquecounter 2019/12/15 v1.4 Provide unlimited unique counter (HO)
)
Package uniquecounter Info: New unique counter `rerunfilecheck' on input line 2
86.
)
\Hy@SectionHShift=\skip90
)
Package hyperref Info: Option `colorlinks' set `true' on input line 39.

(/usr/share/texmf-dist/tex/latex/setspace/setspace.sty
Package: setspace 2011/12/19 v6.7a set line spacing
)
(/usr/share/texmf-dist/tex/latex/l3backend/l3backend-pdftex.def
File: l3backend-pdftex.def 2020-09-24 L3 backend support: PDF output (pdfTeX)
\l__kernel_color_stack_int=\count285
\l__pdf_internal_box=\box100
)
(./Pricing-Guide.aux)
LaTeX Font Info:    Checking defaults for OML/cmm/m/it on input line 49.
LaTeX Font Info:    ... okay on input line 49.
LaTeX Font Info:    Checking defaults for OMS/cmsy/m/n on input line 49.
LaTeX Font Info:    ... okay on input line 49.
LaTeX Font Info:    Checking defaults for OT1/cmr/m/n on input line 49.
LaTeX Font Info:    ... okay on input line 49.
LaTeX Font Info:    Checking defaults for T1/cmr/m/n on input line 49.
LaTeX Font Info:    ... okay on input line 49.
LaTeX Font Info:    Checking defaults for TS1/cmr/m/n on input line 49.
LaTeX Font Info:    ... okay on input line 49.
LaTeX Font Info:    Checking defaults for OMX/cmex/m/n on input line 49.
LaTeX Font Info:    ... okay on input line 49.
LaTeX Font Info:    Checking defaults for U/cmr/m/n on input line 49.
LaTeX Font Info:    ... okay on input line 49.
LaTeX Font Info:    Checking defaults for PD1/pdf/m/n on input line 49.
LaTeX Font Info:    ... okay on input line 49.

*geometry* driver: auto-detecting
*geometry* detected driver: pdftex
*geometry* verbose mode - [ preamble ] result:
* driver: pdftex
* paper: a4paper
* layout: <same size as paper>
* layoutoffset:(h,v)=(0.0pt,0.0pt)
* modes: 
* h-part:(L,W,R)=(92.756pt, 411.99588pt, 92.756pt)
* v-part:(T,H,B)=(116.08725pt, 612.87234pt, 116.08725pt)
* \paperwidth=597.50787pt
* \paperheight=845.04684pt
* \textwidth=411.99588pt
* \textheight=612.87234pt
* \oddsidemargin=20.48601pt
* \evensidemargin=20.48601pt
* \topmargin=6.81726pt
* \headheight=12.0pt
* \headsep=25.0pt
* \topskip=11.0pt
* \footskip=30.0pt
* \marginparwidth=59.0pt
* \marginparsep=10.0pt
* \columnsep=10.0pt
* \skip\footins=10.0pt plus 4.0pt minus 2.0pt
* \hoffset=0.0pt
* \voffset=0.0pt
* \mag=1000
* \@twocolumnfalse
* \@twosidefalse
* \@mparswitchfalse
* \@reversemarginfalse
* (1in=72.27pt=25.4mm, 1cm=28.453pt)

(/usr/share/texmf-dist/tex/context/base/mkii/supp-pdf.mkii
[Loading MPS to PDF converter (version 2006.09.02).]
\scratchcounter=\count286
\scratchdimen=\dimen176
\scratchbox=\box101
\nofMPsegments=\count287
\nofMParguments=\count288
\everyMPshowfont=\toks21
\MPscratchCnt=\count289
\MPscratchDim=\dimen177
\MPnumerator=\count290
\makeMPintoPDFobject=\count291
\everyMPtoPDFconversion=\toks22
) (/usr/share/texmf-dist/tex/latex/epstopdf-pkg/epstopdf-base.sty
Package: epstopdf-base 2020-01-24 v2.11 Base part for package epstopdf
Package epstopdf-base Info: Redefining graphics rule for `.eps' on input line 4
85.

(/usr/share/texmf-dist/tex/latex/latexconfig/epstopdf-sys.cfg
File: epstopdf-sys.cfg 2010/07/13 v1.3 Configuration of (r)epstopdf for TeX Liv
e
))
Package caption Info: Begin \AtBeginDocument code.
Package caption Info: hyperref package is loaded.
Package caption Info: End \AtBeginDocument code.

(/usr/share/texmf-dist/tex/latex/graphics/color.sty
Package: color 2020/02/24 v1.2b Standard LaTeX Color (DPC)

(/usr/share/texmf-dist/tex/latex/graphics-cfg/color.cfg
File: color.cfg 2016/01/02 v1.6 sample color configuration
)
Package color Info: Driver file: pdftex.def on input line 147.
)
Package hyperref Info: Link coloring ON on input line 49.

(/usr/share/texmf-dist/tex/latex/hyperref/nameref.sty
Package: nameref 2019/09/16 v2.46 Cross-referencing by name of section

(/usr/share/texmf-dist/tex/latex/refcount/refcount.sty
Package: refcount 2019/12/15 v3.6 Data extraction from label references (HO)
)
(/usr/share/texmf-dist/tex/generic/gettitlestring/gettitlestring.sty
Package: gettitlestring 2019/12/15 v1.6 Cleanup title references (HO)
)
\c@section@level=\count292
)
LaTeX Info: Redefining \ref on input line 49.
LaTeX Info: Redefining \pageref on input line 49.
LaTeX Info: Redefining \nameref on input line 49.

(./Pricing-Guide.out) (./Pricing-Guide.out)
\@outlinefile=\write3
LaTeX Font Info:    External font `cmex10' loaded for size
(Font)              <12> on input line 66.
LaTeX Font Info:    External font `cmex10' loaded for size
(Font)              <8> on input line 66.
LaTeX Font Info:    External font `cmex10' loaded for size
(Font)              <6> on input line 66.
 [1

{/var/lib/texmf/fonts/map/pdftex/updmap/pdftex.map}]

LaTeX Font Warning: Font shape `OT1/cmr/m/sc' in size <18> not available
(Font)              size <17.28> substituted on input line 80.

(./Pricing-Guide.toc
LaTeX Font Info:    External font `cmex10' loaded for size
(Font)              <10.95> on input line 1.
)
\tf@toc=\write4
 [1]
<../Photos_Shop/img_truffle1.jpg, id=54, 1066.98625pt x 1066.98625pt>
File: ../Photos_Shop/img_truffle1.jpg Graphic file (type jpg)
<use ../Photos_Shop/img_truffle1.jpg>
Package pdftex.def Info: ../Photos_Shop/img_truffle1.jpg  used on input line 96
.
(pdftex.def)             Requested size: 99.57385pt x 99.57385pt.
<../Photos_Shop/img_truffle5.jpg, id=55, 1066.98625pt x 1069.9975pt>
File: ../Photos_Shop/img_truffle5.jpg Graphic file (type jpg)
<use ../Photos_Shop/img_truffle5.jpg>
Package pdftex.def Info: ../Photos_Shop/img_truffle5.jpg  used on input line 96
.
(pdftex.def)             Requested size: 99.57385pt x 99.5773pt.
<../Photos_Shop/img_truffle6.jpg, id=56, 1066.98625pt x 1069.9975pt>
File: ../Photos_Shop/img_truffle6.jpg Graphic file (type jpg)
<use ../Photos_Shop/img_truffle6.jpg>
Package pdftex.def Info: ../Photos_Shop/img_truffle6.jpg  used on input line 10
6.
(pdftex.def)             Requested size: 99.57385pt x 99.5773pt.

Overfull \vbox (35.65738pt too high) detected at line 106
 []

<../Photos_Shop/img_truffle7.jpg, id=57, 3030.32124pt x 3030.32124pt>
File: ../Photos_Shop/img_truffle7.jpg Graphic file (type jpg)
<use ../Photos_Shop/img_truffle7.jpg>
Package pdftex.def Info: ../Photos_Shop/img_truffle7.jpg  used on input line 10
6.
(pdftex.def)             Requested size: 99.55238pt x 99.55238pt.

Overfull \vbox (35.63246pt too high) detected at line 106
 []

<../Photos_Shop/img_truffle8.jpg, id=58, 3035.34pt x 3035.34pt>
File: ../Photos_Shop/img_truffle8.jpg Graphic file (type jpg)
<use ../Photos_Shop/img_truffle8.jpg>
Package pdftex.def Info: ../Photos_Shop/img_truffle8.jpg  used on input line 12
3.
(pdftex.def)             Requested size: 99.57832pt x 99.57832pt.
<../Photos_Shop/img_truffle9.jpg, id=59, 3035.34pt x 3035.34pt>
File: ../Photos_Shop/img_truffle9.jpg Graphic file (type jpg)
<use ../Photos_Shop/img_truffle9.jpg>
Package pdftex.def Info: ../Photos_Shop/img_truffle9.jpg  used on input line 12
3.
(pdftex.def)             Requested size: 99.57832pt x 99.57832pt.
<../Photos_Shop/img_truffle3.jpg, id=60, 3030.32124pt x 3030.32124pt>
File: ../Photos_Shop/img_truffle3.jpg Graphic file (type jpg)
<use ../Photos_Shop/img_truffle3.jpg>
Package pdftex.def Info: ../Photos_Shop/img_truffle3.jpg  used on input line 13
3.
(pdftex.def)             Requested size: 99.55238pt x 99.55238pt.

Overfull \vbox (35.63246pt too high) detected at line 133
 []

<../Photos_Shop/img_truffle10.jpg, id=61, 3035.34pt x 3035.34pt>
File: ../Photos_Shop/img_truffle10.jpg Graphic file (type jpg)
<use ../Photos_Shop/img_truffle10.jpg>
Package pdftex.def Info: ../Photos_Shop/img_truffle10.jpg  used on input line 1
33.
(pdftex.def)             Requested size: 99.57832pt x 99.57832pt.

Overfull \vbox (35.6584pt too high) detected at line 133
 []

[1 <../Photos_Shop/img_truffle1.jpg> <../Photos_Shop/img_truffle5.jpg> <../Phot
os_Shop/img_truffle6.jpg> <../Photos_Shop/img_truffle7.jpg> <../Photos_Shop/img
_truffle8.jpg> <../Photos_Shop/img_truffle9.jpg> <../Photos_Shop/img_truffle3.j
pg> <../Photos_Shop/img_truffle10.jpg>]
<../Photos_Shop/img_truffle11.jpg, id=69, 3035.34pt x 3035.34pt>
File: ../Photos_Shop/img_truffle11.jpg Graphic file (type jpg)
<use ../Photos_Shop/img_truffle11.jpg>
Package pdftex.def Info: ../Photos_Shop/img_truffle11.jpg  used on input line 1
50.
(pdftex.def)             Requested size: 99.57832pt x 99.57832pt.
<../Photos_Shop/img_truffle2.jpg, id=70, 1084.05pt x 1084.05pt>
File: ../Photos_Shop/img_truffle2.jpg Graphic file (type jpg)
<use ../Photos_Shop/img_truffle2.jpg>
Package pdftex.def Info: ../Photos_Shop/img_truffle2.jpg  used on input line 15
0.
(pdftex.def)             Requested size: 99.57832pt x 99.57832pt.
<../Photos_Shop/img_truffle12.jpg, id=71, 3035.34pt x 3035.34pt>
File: ../Photos_Shop/img_truffle12.jpg Graphic file (type jpg)
<use ../Photos_Shop/img_truffle12.jpg>
Package pdftex.def Info: ../Photos_Shop/img_truffle12.jpg  used on input line 1
60.
(pdftex.def)             Requested size: 99.57832pt x 99.57832pt.

Overfull \vbox (35.6584pt too high) detected at line 160
 []

<../Photos_Shop/img_truffle13.jpg, id=72, 3018.27625pt x 3018.27625pt>
File: ../Photos_Shop/img_truffle13.jpg Graphic file (type jpg)
<use ../Photos_Shop/img_truffle13.jpg>
Package pdftex.def Info: ../Photos_Shop/img_truffle13.jpg  used on input line 1
60.
(pdftex.def)             Requested size: 99.57118pt x 99.57118pt.

Overfull \vbox (35.65126pt too high) detected at line 160
 []

<../Photos_Shop/img_truffle14.jpg, id=73, 1066.98625pt x 1066.98625pt>
File: ../Photos_Shop/img_truffle14.jpg Graphic file (type jpg)
<use ../Photos_Shop/img_truffle14.jpg>
Package pdftex.def Info: ../Photos_Shop/img_truffle14.jpg  used on input line 1
77.
(pdftex.def)             Requested size: 99.57385pt x 99.57385pt.
<../Photos_Shop/img_truffle15.jpg, id=74, 2767.33875pt x 2767.33875pt>
File: ../Photos_Shop/img_truffle15.jpg Graphic file (type jpg)
<use ../Photos_Shop/img_truffle15.jpg>
Package pdftex.def Info: ../Photos_Shop/img_truffle15.jpg  used on input line 1
77.
(pdftex.def)             Requested size: 99.56921pt x 99.56921pt.
<../Photos_Shop/img_truffle4.jpg, id=75, 3030.32124pt x 3030.32124pt>
File: ../Photos_Shop/img_truffle4.jpg Graphic file (type jpg)
<use ../Photos_Shop/img_truffle4.jpg>
Package pdftex.def Info: ../Photos_Shop/img_truffle4.jpg  used on input line 18
7.
(pdftex.def)             Requested size: 99.55238pt x 99.55238pt.

Overfull \vbox (35.63246pt too high) detected at line 187
 []

<../Photos_Shop/img_truffle16.jpg, id=76, 3035.34pt x 3035.34pt>
File: ../Photos_Shop/img_truffle16.jpg Graphic file (type jpg)
<use ../Photos_Shop/img_truffle16.jpg>
Package pdftex.def Info: ../Photos_Shop/img_truffle16.jpg  used on input line 1
87.
(pdftex.def)             Requested size: 99.57832pt x 99.57832pt.

Overfull \vbox (35.6584pt too high) detected at line 187
 []

[2 <../Photos_Shop/img_truffle11.jpg> <../Photos_Shop/img_truffle2.jpg> <../Pho
tos_Shop/img_truffle12.jpg> <../Photos_Shop/img_truffle13.jpg> <../Photos_Shop/
img_truffle14.jpg> <../Photos_Shop/img_truffle15.jpg> <../Photos_Shop/img_truff
le4.jpg> <../Photos_Shop/img_truffle16.jpg>]
<../Photos_Shop/Premium.png, id=83, 1027.84pt x 1027.84pt>
File: ../Photos_Shop/Premium.png Graphic file (type png)
<use ../Photos_Shop/Premium.png>
Package pdftex.def Info: ../Photos_Shop/Premium.png  used on input line 204.
(pdftex.def)             Requested size: 99.57489pt x 99.57489pt.
<../Photos_Shop/Classics.png, id=85, 1027.84pt x 1027.84pt>
File: ../Photos_Shop/Classics.png Graphic file (type png)
<use ../Photos_Shop/Classics.png>
Package pdftex.def Info: ../Photos_Shop/Classics.png  used on input line 204.
(pdftex.def)             Requested size: 99.57489pt x 99.57489pt.
<../Photos_Shop/Desserts.png, id=86, 1027.84pt x 1027.84pt>
File: ../Photos_Shop/Desserts.png Graphic file (type png)
<use ../Photos_Shop/Desserts.png>
Package pdftex.def Info: ../Photos_Shop/Desserts.png  used on input line 214.
(pdftex.def)             Requested size: 99.57489pt x 99.57489pt.

Overfull \vbox (35.65497pt too high) detected at line 214
 []

<../Photos_Shop/Romantic.png, id=87, 1027.84pt x 1027.84pt>
File: ../Photos_Shop/Romantic.png Graphic file (type png)
<use ../Photos_Shop/Romantic.png>
Package pdftex.def Info: ../Photos_Shop/Romantic.png  used on input line 214.
(pdftex.def)             Requested size: 99.57489pt x 99.57489pt.

Overfull \vbox (35.65497pt too high) detected at line 214
 []

<../Photos_Shop/Darks.png, id=88, 1027.84pt x 1027.84pt>
File: ../Photos_Shop/Darks.png Graphic file (type png)
<use ../Photos_Shop/Darks.png>
Package pdftex.def Info: ../Photos_Shop/Darks.png  used on input line 230.
(pdftex.def)             Requested size: 99.57489pt x 99.57489pt.
<../Photos_Shop/Whites.png, id=89, 1027.84pt x 1027.84pt>
File: ../Photos_Shop/Whites.png Graphic file (type png)
<use ../Photos_Shop/Whites.png>
Package pdftex.def Info: ../Photos_Shop/Whites.png  used on input line 230.
(pdftex.def)             Requested size: 99.57489pt x 99.57489pt.
<../Photos_Shop/Craftsman.png, id=90, 1027.84pt x 1027.84pt>
File: ../Photos_Shop/Craftsman.png Graphic file (type png)
<use ../Photos_Shop/Craftsman.png>
Package pdftex.def Info: ../Photos_Shop/Craftsman.png  used on input line 240.
(pdftex.def)             Requested size: 99.57489pt x 99.57489pt.

Overfull \vbox (35.65497pt too high) detected at line 240
 []

<../Photos_Shop/Favourites.png, id=91, 1027.84pt x 1027.84pt>
File: ../Photos_Shop/Favourites.png Graphic file (type png)
<use ../Photos_Shop/Favourites.png>
Package pdftex.def Info: ../Photos_Shop/Favourites.png  used on input line 240.

(pdftex.def)             Requested size: 99.57489pt x 99.57489pt.

Overfull \vbox (35.65497pt too high) detected at line 240
 []

[3 <../Photos_Shop/Premium.png> <../Photos_Shop/Classics.png> <../Photos_Shop/D
esserts.png> <../Photos_Shop/Romantic.png> <../Photos_Shop/Darks.png> <../Photo
s_Shop/Whites.png> <../Photos_Shop/Craftsman.png> <../Photos_Shop/Favourites.pn
g>] [4] (./Pricing-Guide.aux)
Package rerunfilecheck Info: File `Pricing-Guide.out' has not changed.
(rerunfilecheck)             Checksum: 633CD187C2718F8AE0DBBDAE87E90811;363.


LaTeX Font Warning: Size substitutions with differences
(Font)              up to 0.72pt have occurred.

 ) 
Here is how much of TeX's memory you used:
 7937 strings out of 479383
 127632 string characters out of 5875830
 447032 words of memory out of 5000000
 24879 multiletter control sequences out of 15000+600000
 410825 words of font info for 51 fonts, out of 8000000 for 9000
 1141 hyphenation exceptions out of 8191
 66i,15n,72p,309b,440s stack positions out of 5000i,500n,10000p,200000b,80000s
{/usr/share/texmf-dist/fonts/enc/dvips/cm-super/cm-super-ts1.enc}</usr/share/
texmf-dist/fonts/type1/public/amsfonts/cm/cmbx10.pfb></usr/share/texmf-dist/fon
ts/type1/public/amsfonts/cm/cmcsc10.pfb></usr/share/texmf-dist/fonts/type1/publ
ic/amsfonts/cm/cmr10.pfb></usr/share/texmf-dist/fonts/type1/public/amsfonts/cm/
cmr12.pfb></usr/share/texmf-dist/fonts/type1/public/amsfonts/cm/cmti10.pfb></us
r/share/texmf-dist/fonts/type1/public/amsfonts/cm/cmti12.pfb></usr/share/texmf-
dist/fonts/type1/public/cm-super/sfrm1095.pfb>
Output written on Pricing-Guide.pdf (6 pages, 63886195 bytes).
PDF statistics:
 148 PDF objects out of 1000 (max. 8388607)
 100 compressed objects within 1 object stream
 26 named destinations out of 1000 (max. 500000)
 177 words of extra memory for PDF output out of 10000 (max. 10000000)

